# On branch master
# Changed but not updated:
#   (use "git add <file>..." to update what will be committed)
#   (use "git checkout -- <file>..." to discard changes in working directory)
#
#	modified:   bioctl/bioctl.8
#	modified:   bioctl/bioctl.c
#	modified:   dhclient/clparse.c
#	modified:   dhclient/dhclient.c
#	modified:   disklabel/disklabel.8
#	modified:   fdisk/misc.c
#	modified:   newfs_msdos/newfs_msdos.8
#	modified:   newfs_msdos/newfs_msdos.c
#	modified:   pfctl/parse.y
#	modified:   route/route.c
#	modified:   wsconsctl/wsconsctl.c
#
# Untracked files:
#   (use "git add <file>..." to include in what will be committed)
#
#	status.log
#	up.log
no changes added to commit (use "git add" and/or "git commit -a")
