? .git
? .gitignore
? status.log
? up.log
? bioctl/obj
P badsect/badsect.c
RCS file: /cvs/src/sbin/bioctl/bioctl.c,v
retrieving revision 1.83
retrieving revision 1.84
Merging differences between 1.83 and 1.84 into bioctl.c
rcsmerge: warning: conflicts during merge
cvs server: conflicts found in bioctl/bioctl.c
C bioctl/bioctl.c
P clri/clri.c
P disklabel/disklabel.c
P disklabel/dkcksum.c
P disklabel/editor.c
P dump/dumprmt.c
P dump/itime.c
P dump/main.c
P dump/optr.c
P dump/tape.c
P dump/traverse.c
P dumpfs/dumpfs.c
P fsck/fsck.c
P fsck/fsutil.c
P fsck/preen.c
P fsck_ext2fs/main.c
P fsck_ffs/dir.c
P fsck_ffs/inode.c
P fsck_ffs/main.c
P fsck_ffs/pass1.c
P fsck_ffs/pass1b.c
P fsck_ffs/pass2.c
P fsck_ffs/pass3.c
P fsck_ffs/pass4.c
P fsck_ffs/pass5.c
P fsck_ffs/setup.c
P fsck_ffs/utilities.c
P fsck_msdos/boot.c
P fsck_msdos/check.c
P fsck_msdos/dir.c
P fsck_msdos/fat.c
P fsck_msdos/main.c
P fsdb/fsdb.c
P fsdb/fsdbutil.c
P growfs/debug.c
P growfs/growfs.c
P init/init.c
P ldattach/ldattach.c
P mknod/mknod.c
P mount/getmntopts.c
P mount/mount.c
P mount_cd9660/mount_cd9660.c
P mount_ext2fs/mount_ext2fs.c
P mount_ffs/mount_ffs.c
P mount_msdos/mount_msdos.c
P mount_nfs/mount_nfs.c
P mount_portal/mount_portal.c
P mount_procfs/mount_procfs.c
P mountd/mountd.c
P ncheck_ffs/ncheck_ffs.c
P newfs_msdos/newfs_msdos.c
P nfsd/nfsd.c
P pfctl/parse.y
P pfctl/pfctl.c
P pfctl/pfctl_optimize.c
P pfctl/pfctl_parser.c
P ping/ping.c
P ping6/ping6.c
P quotacheck/quotacheck.c
P reboot/reboot.c
P restore/dirs.c
P restore/interactive.c
P restore/main.c
P restore/restore.c
P restore/symtab.c
P restore/tape.c
P restore/utilities.c
P savecore/savecore.c
P shutdown/shutdown.c
P slattach/slattach.c
P sysctl/pathconf.c
P sysctl/sysctl.c
P ttyflags/ttyflags.c
P tunefs/tunefs.c
P umount/umount.c
